<?xml version="1.0" encoding="UTF-8" ?>
<testsuite errors="0" failures="0" hostname="SlipStream" name="com.tribal.ProjectsControllerSpec" tests="1" time="11.281" timestamp="2015-07-30T10:32:02">
  <properties />
  <testcase classname="com.tribal.ProjectsControllerSpec" name="test index" time="11.103" />
  <system-out><![CDATA[--Output from test index--
]]></system-out>
  <system-err><![CDATA[--Output from test index--
]]></system-err>
</testsuite>
