<?xml version="1.0" encoding="UTF-8" ?>
<testsuite errors="0" failures="0" hostname="SlipStream" name="com.tribal.ProjectsControllerSpec" tests="5" time="7.904" timestamp="2015-07-30T14:44:58">
  <properties />
  <testcase classname="com.tribal.ProjectsControllerSpec" name="test index" time="6.579" />
  <testcase classname="com.tribal.ProjectsControllerSpec" name="test overView" time="0.224" />
  <testcase classname="com.tribal.ProjectsControllerSpec" name="test add project" time="0.586" />
  <testcase classname="com.tribal.ProjectsControllerSpec" name="test edit" time="0.246" />
  <testcase classname="com.tribal.ProjectsControllerSpec" name="test submit edit" time="0.228" />
  <system-out><![CDATA[--Output from test index--
--Output from test overView--
--Output from test add project--
--Output from test edit--
--Output from test submit edit--
]]></system-out>
  <system-err><![CDATA[--Output from test index--
--Output from test overView--
--Output from test add project--
--Output from test edit--
--Output from test submit edit--
]]></system-err>
</testsuite>
